<?xml version="1.0" encoding="UTF-8"?>
<testsuite name="org.dita.dost.index.IndexTermCollectionTest" tests="1" skipped="0" failures="0" errors="0" timestamp="2018-02-05T14:58:51" hostname="travis-job-dita-ot-dita-ot-337585232.travisci.net" time="0.052">
  <properties/>
  <testcase name="testOutputTerms" classname="org.dita.dost.index.IndexTermCollectionTest" time="0.052"/>
  <system-out><![CDATA[]]></system-out>
  <system-err><![CDATA[]]></system-err>
</testsuite>
