<?xml version="1.0" encoding="UTF-8"?>
<testsuite name="org.dita.dost.writer.TestIDitaTranstypeIndexWriter" tests="1" skipped="0" failures="0" errors="0" timestamp="2018-02-05T14:58:56" hostname="travis-job-dita-ot-dita-ot-337585232.travisci.net" time="0.003">
  <properties/>
  <testcase name="testiditatranstypeindexwriter" classname="org.dita.dost.writer.TestIDitaTranstypeIndexWriter" time="0.003"/>
  <system-out><![CDATA[]]></system-out>
  <system-err><![CDATA[resources/iditatranstypewriter_index.xml
]]></system-err>
</testsuite>
