<?xml version="1.0" encoding="UTF-8"?>
<testsuite name="org.dita.dost.module.IndexTermExtractModuleTest" tests="1" skipped="0" failures="0" errors="0" timestamp="2018-02-05T14:58:54" hostname="travis-job-dita-ot-dita-ot-337585232.travisci.net" time="1.347">
  <properties/>
  <testcase name="testWrite" classname="org.dita.dost.module.IndexTermExtractModuleTest" time="1.347"/>
  <system-out><![CDATA[]]></system-out>
  <system-err><![CDATA[]]></system-err>
</testsuite>
